<?xml version='1.0' encoding='UTF-8'?>
<testsuite hostname="DESKTOP-EJBFG7B" name="hw4.MatMulModelTester" tests="5" errors="0" failures="0" skipped="0" time="0.069" timestamp="2024-03-01T12:57:47">
          <properties>
[...]
</properties>
          <testcase classname="hw4.MatMulModelTester" name="MatMulModel should multiply identity (4x4)" time="0.067">
                      
                    </testcase><testcase classname="hw4.MatMulModelTester" name="MatMulModel should multiply identity x in4x2" time="0.001">
                      
                    </testcase><testcase classname="hw4.MatMulModelTester" name="MatMulModel should multiply identity x in2x4" time="0.001">
                      
                    </testcase><testcase classname="hw4.MatMulModelTester" name="MatMulModel should multiply in2x4 x in4x2" time="0.0">
                      
                    </testcase><testcase classname="hw4.MatMulModelTester" name="MatMulModel should multiply in4x2 x in2x4" time="0.0">
                      
                    </testcase>
          <system-out><![CDATA[]]></system-out>
          <system-err><![CDATA[]]></system-err>
        </testsuite>